Build started 14.09.2014 13:27:26.
     1>Project "D:\Users\Star\Documents\Visual Studio 2010\Projects\helloWorld\helloWorld\helloWorld.vcxproj" on node 2 (build target(s)).
     1>InitializeBuildStatus:
         Creating "Debug\helloWorld.unsuccessfulbuild" because "AlwaysCreate" was specified.
       ClCompile:
         D:\Program Files (x86)\Microsoft Visual Studio 10.0\VC\bin\CL.exe /c /ZI /nologo /W3 /WX- /Od /Oy- /D WIN32 /D _DEBUG /D _CONSOLE /D _UNICODE /D UNICODE /Gm /EHsc /RTC1 /MDd /GS /fp:precise /Zc:wchar_t /Zc:forScope /Fo"Debug\\" /Fd"Debug\vc100.pdb" /Gd /TP /analyze- /errorReport:prompt main.cpp
         main.cpp
       ManifestResourceCompile:
         All outputs are up-to-date.
       Link:
         D:\Program Files (x86)\Microsoft Visual Studio 10.0\VC\bin\link.exe /ERRORREPORT:PROMPT /OUT:"D:\Users\Star\Documents\Visual Studio 2010\Projects\helloWorld\Debug\helloWorld.exe" /INCREMENTAL /NOLOGO kernel32.lib user32.lib gdi32.lib winspool.lib comdlg32.lib advapi32.lib shell32.lib ole32.lib oleaut32.lib uuid.lib odbc32.lib odbccp32.lib /MANIFEST /ManifestFile:"Debug\helloWorld.exe.intermediate.manifest" /MANIFESTUAC:"level='asInvoker' uiAccess='false'" /DEBUG /PDB:"D:\Users\Star\Documents\Visual Studio 2010\Projects\helloWorld\Debug\helloWorld.pdb" /SUBSYSTEM:CONSOLE /TLBID:1 /DYNAMICBASE /NXCOMPAT /IMPLIB:"D:\Users\Star\Documents\Visual Studio 2010\Projects\helloWorld\Debug\helloWorld.lib" /MACHINE:X86 Debug\helloWorld.exe.embed.manifest.res
         Debug\main.obj
       Manifest:
         d:\Program Files (x86)\Microsoft SDKs\Windows\v7.0A\bin\mt.exe /nologo /verbose /out:"Debug\helloWorld.exe.embed.manifest" /manifest Debug\helloWorld.exe.intermediate.manifest
         All outputs are up-to-date.
       LinkEmbedManifest:
         All outputs are up-to-date.
         helloWorld.vcxproj -> D:\Users\Star\Documents\Visual Studio 2010\Projects\helloWorld\Debug\helloWorld.exe
       FinalizeBuildStatus:
         Deleting file "Debug\helloWorld.unsuccessfulbuild".
         Touching "Debug\helloWorld.lastbuildstate".
     1>Done Building Project "D:\Users\Star\Documents\Visual Studio 2010\Projects\helloWorld\helloWorld\helloWorld.vcxproj" (build target(s)).

Build succeeded.

Time Elapsed 00:00:00.71
