D:\USERS\STAR\DOCUMENTS\VISUAL STUDIO 2010\PROJECTS\HELLOWORLD\DEBUG\HELLOWORLD.EXE
D:\USERS\STAR\DOCUMENTS\VISUAL STUDIO 2010\PROJECTS\HELLOWORLD\DEBUG\HELLOWORLD.ILK
D:\USERS\STAR\DOCUMENTS\VISUAL STUDIO 2010\PROJECTS\HELLOWORLD\DEBUG\HELLOWORLD.PDB
D:\Users\Star\Documents\Visual Studio 2010\Projects\helloWorld\helloWorld\Debug\cl.command.1.tlog
D:\Users\Star\Documents\Visual Studio 2010\Projects\helloWorld\helloWorld\Debug\CL.read.1.tlog
D:\Users\Star\Documents\Visual Studio 2010\Projects\helloWorld\helloWorld\Debug\CL.write.1.tlog
D:\USERS\STAR\DOCUMENTS\VISUAL STUDIO 2010\PROJECTS\HELLOWORLD\HELLOWORLD\DEBUG\HELLOWORLD.EXE.EMBED.MANIFEST
D:\USERS\STAR\DOCUMENTS\VISUAL STUDIO 2010\PROJECTS\HELLOWORLD\HELLOWORLD\DEBUG\HELLOWORLD.EXE.EMBED.MANIFEST.RES
D:\USERS\STAR\DOCUMENTS\VISUAL STUDIO 2010\PROJECTS\HELLOWORLD\HELLOWORLD\DEBUG\HELLOWORLD.EXE.INTERMEDIATE.MANIFEST
D:\Users\Star\Documents\Visual Studio 2010\Projects\helloWorld\helloWorld\Debug\helloWorld.vcxprojResolveAssemblyReference.cache
D:\Users\Star\Documents\Visual Studio 2010\Projects\helloWorld\helloWorld\Debug\helloWorld.write.1.tlog
D:\Users\Star\Documents\Visual Studio 2010\Projects\helloWorld\helloWorld\Debug\helloWorld_manifest.rc
D:\Users\Star\Documents\Visual Studio 2010\Projects\helloWorld\helloWorld\Debug\link.3584.read.1.tlog
D:\Users\Star\Documents\Visual Studio 2010\Projects\helloWorld\helloWorld\Debug\link.3584.write.1.tlog
D:\Users\Star\Documents\Visual Studio 2010\Projects\helloWorld\helloWorld\Debug\link.3584-cvtres.read.1.tlog
D:\Users\Star\Documents\Visual Studio 2010\Projects\helloWorld\helloWorld\Debug\link.3584-cvtres.write.1.tlog
D:\Users\Star\Documents\Visual Studio 2010\Projects\helloWorld\helloWorld\Debug\link.3944.read.1.tlog
D:\Users\Star\Documents\Visual Studio 2010\Projects\helloWorld\helloWorld\Debug\link.3944.write.1.tlog
D:\Users\Star\Documents\Visual Studio 2010\Projects\helloWorld\helloWorld\Debug\link.3944-cvtres.read.1.tlog
D:\Users\Star\Documents\Visual Studio 2010\Projects\helloWorld\helloWorld\Debug\link.3944-cvtres.write.1.tlog
D:\Users\Star\Documents\Visual Studio 2010\Projects\helloWorld\helloWorld\Debug\link.command.1.tlog
D:\Users\Star\Documents\Visual Studio 2010\Projects\helloWorld\helloWorld\Debug\link.read.1.tlog
D:\Users\Star\Documents\Visual Studio 2010\Projects\helloWorld\helloWorld\Debug\link.write.1.tlog
D:\Users\Star\Documents\Visual Studio 2010\Projects\helloWorld\helloWorld\Debug\link-cvtres.read.1.tlog
D:\Users\Star\Documents\Visual Studio 2010\Projects\helloWorld\helloWorld\Debug\link-cvtres.write.1.tlog
D:\USERS\STAR\DOCUMENTS\VISUAL STUDIO 2010\PROJECTS\HELLOWORLD\HELLOWORLD\DEBUG\MAIN.OBJ
D:\Users\Star\Documents\Visual Studio 2010\Projects\helloWorld\helloWorld\Debug\mt.command.1.tlog
D:\Users\Star\Documents\Visual Studio 2010\Projects\helloWorld\helloWorld\Debug\mt.read.1.tlog
D:\Users\Star\Documents\Visual Studio 2010\Projects\helloWorld\helloWorld\Debug\mt.write.1.tlog
D:\Users\Star\Documents\Visual Studio 2010\Projects\helloWorld\helloWorld\Debug\rc.command.1.tlog
D:\Users\Star\Documents\Visual Studio 2010\Projects\helloWorld\helloWorld\Debug\rc.read.1.tlog
D:\Users\Star\Documents\Visual Studio 2010\Projects\helloWorld\helloWorld\Debug\rc.write.1.tlog
D:\Users\Star\Documents\Visual Studio 2010\Projects\helloWorld\helloWorld\Debug\vc100.idb
D:\USERS\STAR\DOCUMENTS\VISUAL STUDIO 2010\PROJECTS\HELLOWORLD\HELLOWORLD\DEBUG\VC100.PDB
