Build started 13.09.2014 13:53:47.
     1>Project "D:\Users\Star\Documents\Visual Studio 2010\Projects\helloWorld\helloWorld\helloWorld.vcxproj" on node 2 (build target(s)).
     1>PrepareForBuild:
         Creating directory "D:\Users\Star\Documents\Visual Studio 2010\Projects\helloWorld\x64\Debug\".
       InitializeBuildStatus:
         Creating "x64\Debug\helloWorld.unsuccessfulbuild" because "AlwaysCreate" was specified.
       ClCompile:
         D:\Program Files (x86)\Microsoft Visual Studio 10.0\VC\bin\x86_amd64\CL.exe /c /Zi /nologo /W3 /WX- /Od /D WIN32 /D _DEBUG /D _CONSOLE /D _UNICODE /D UNICODE /Gm /EHsc /RTC1 /MDd /GS /fp:precise /Zc:wchar_t /Zc:forScope /Fo"x64\Debug\\" /Fd"x64\Debug\vc100.pdb" /Gd /TP /errorReport:prompt main.cpp
         main.cpp
       ManifestResourceCompile:
         d:\Program Files (x86)\Microsoft SDKs\Windows\v7.0A\bin\rc.exe /nologo /fo"x64\Debug\helloWorld.exe.embed.manifest.res" x64\Debug\helloWorld_manifest.rc 
       Link:
         D:\Program Files (x86)\Microsoft Visual Studio 10.0\VC\bin\x86_amd64\link.exe /ERRORREPORT:PROMPT /OUT:"D:\Users\Star\Documents\Visual Studio 2010\Projects\helloWorld\x64\Debug\helloWorld.exe" /INCREMENTAL /NOLOGO kernel32.lib user32.lib gdi32.lib winspool.lib comdlg32.lib advapi32.lib shell32.lib ole32.lib oleaut32.lib uuid.lib odbc32.lib odbccp32.lib /MANIFEST /ManifestFile:"x64\Debug\helloWorld.exe.intermediate.manifest" /MANIFESTUAC:"level='asInvoker' uiAccess='false'" /DEBUG /PDB:"D:\Users\Star\Documents\Visual Studio 2010\Projects\helloWorld\x64\Debug\helloWorld.pdb" /SUBSYSTEM:CONSOLE /TLBID:1 /DYNAMICBASE /NXCOMPAT /IMPLIB:"D:\Users\Star\Documents\Visual Studio 2010\Projects\helloWorld\x64\Debug\helloWorld.lib" /MACHINE:X64 x64\Debug\helloWorld.exe.embed.manifest.res
         x64\Debug\main.obj
         helloWorld.vcxproj -> D:\Users\Star\Documents\Visual Studio 2010\Projects\helloWorld\x64\Debug\helloWorld.exe
       Manifest:
         d:\Program Files (x86)\Microsoft SDKs\Windows\v7.0A\bin\mt.exe /nologo /verbose /out:"x64\Debug\helloWorld.exe.embed.manifest" /manifest x64\Debug\helloWorld.exe.intermediate.manifest
         d:\Program Files (x86)\Microsoft SDKs\Windows\v7.0A\bin\rc.exe /nologo /fo"x64\Debug\helloWorld.exe.embed.manifest.res" x64\Debug\helloWorld_manifest.rc 
       LinkEmbedManifest:
         D:\Program Files (x86)\Microsoft Visual Studio 10.0\VC\bin\x86_amd64\link.exe /ERRORREPORT:PROMPT /OUT:"D:\Users\Star\Documents\Visual Studio 2010\Projects\helloWorld\x64\Debug\helloWorld.exe" /INCREMENTAL /NOLOGO kernel32.lib user32.lib gdi32.lib winspool.lib comdlg32.lib advapi32.lib shell32.lib ole32.lib oleaut32.lib uuid.lib odbc32.lib odbccp32.lib /MANIFEST /ManifestFile:"x64\Debug\helloWorld.exe.intermediate.manifest" /MANIFESTUAC:"level='asInvoker' uiAccess='false'" /DEBUG /PDB:"D:\Users\Star\Documents\Visual Studio 2010\Projects\helloWorld\x64\Debug\helloWorld.pdb" /SUBSYSTEM:CONSOLE /TLBID:1 /DYNAMICBASE /NXCOMPAT /IMPLIB:"D:\Users\Star\Documents\Visual Studio 2010\Projects\helloWorld\x64\Debug\helloWorld.lib" /MACHINE:X64 x64\Debug\helloWorld.exe.embed.manifest.res
         x64\Debug\main.obj
         helloWorld.vcxproj -> D:\Users\Star\Documents\Visual Studio 2010\Projects\helloWorld\x64\Debug\helloWorld.exe
       FinalizeBuildStatus:
         Deleting file "x64\Debug\helloWorld.unsuccessfulbuild".
         Touching "x64\Debug\helloWorld.lastbuildstate".
     1>Done Building Project "D:\Users\Star\Documents\Visual Studio 2010\Projects\helloWorld\helloWorld\helloWorld.vcxproj" (build target(s)).

Build succeeded.

Time Elapsed 00:00:01.84
